irun: 15.20-s039: (c) Copyright 1995-2017 Cadence Design Systems, Inc.
TOOL:	irun	15.20-s039: Started on Feb 04, 2021 at 12:03:50 CST
irun
	testfixture.v
	../syn/S1_syn.v
	../syn/S2_syn.v
	-v /usr/cad/CBDK_IC_Contest_v2.1/Verilog/tsmc13.v
	+define+SDF
	+define+FSDB
	+access+r
Loading snapshot worklib.testfixture:v .................... Done
*Verdi* Loading libsscore_ius152.so
ncsim> source /usr/cad/cadence/INCISIV/cur/tools/inca/files/ncsimrc
ncsim> run
FSDB Dumper for IUS, Release Verdi_O-2018.09, Linux, 08/30/2018
(C) 1996 - 2018 by Synopsys, Inc.
*Verdi* FSDB WARNING: The FSDB file already exists. Overwriting the FSDB file may crash the programs that are using this file.
*Verdi* : Create FSDB file 'SI.fsdb'
*Verdi* : Begin traversing the scopes, layer (0).
*Verdi* : End of traversing.




        ****************************              
        **                        **        /|__/|
        **  Congratulations !!    **      / O,O  |
        **                        **    /_____   |
        **  Simulation Complete!! **   /^ ^ ^ \  |
        **                        **  |^ ^ ^ ^ |w|
        ****************************   \m___m__|_|


------------------------------------------
      RB1 check successfully!
------------------------------------------

------------------------------------------
      RB2 check successfully!
------------------------------------------

------------------------------------------
      upload frame check successfully!
------------------------------------------

------------------------------------------
      download frame check successfully!
------------------------------------------

Simulation complete via $finish(1) at time 48656600 PS + 0
./testfixture.v:331       #55 $finish;
ncsim> exit
TOOL:	irun	15.20-s039: Exiting on Feb 04, 2021 at 12:03:58 CST  (total: 00:00:08)
