ncsim 15.20-s039
Linux 3.10.0-1160.11.1.el7.x86_64 #1 SMP Fri Dec 18 16:34:56 UTC 2020 x86_64
CPU cores: 8
Limit information:
======================================
cputime			unlimited
filesize		unlimited
datasize		unlimited
stacksize		8192 kbytes
coredumpsize	0 kbytes
memoryuse		unlimited
vmemoryuse		unlimited
descriptors		4096
memorylocked	64 kbytes
maxproc			4096
======================================
(Special)Runtime environment variables:

Runtime environment variables:
AMD_ENTRYPOINT=vs/server/remoteExtensionHostProcess
BROWSER=/home/DICS_LAB/M10912039/.vscode-server/bin/ea3859d4ba2f3e577a159bc91e3074c5d85c0523/bin/helpers/browser.sh
COLORTERM=truecolor
DISPLAY=140.125.44.75:0.0
EDITOR=/usr/bin/vim
GIT_ASKPASS=/home/DICS_LAB/M10912039/.vscode-server/bin/ea3859d4ba2f3e577a159bc91e3074c5d85c0523/extensions/git/dist/askpass.sh
GROUP=M10912039
HISTCONTROL=ignoredups
HISTSIZE=1000
HOME=/home/DICS_LAB/M10912039
HOST=dics03.ee.yuntech.edu.tw
HOSTNAME=dics03.ee.yuntech.edu.tw
HOSTTYPE=x86_64-linux
LANG=en_US.UTF-8
LD_LIBRARY_PATH=/usr/cad/synopsys/verdi/cur/share/PLI/IUS/LINUX/:/usr/cad/cadence/INCISIV/cur/tools/lib:/usr/cad/cadence/INCISIV/cur/tools/vtools/vfault/lib::/usr/openwin/lib:/usr/dt/lib:/usr/lib:/usr/local/lib
LESSOPEN=||/usr/bin/lesspipe.sh %s
LM_LICENSE_FILE=26585@140.116.49.24:5280@140.116.49.24:
LOGNAME=M10912039
LS_COLORS=rs=0:di=38;5;27:ln=38;5;51:mh=44;38;5;15:pi=40;38;5;11:so=38;5;13:do=38;5;5:bd=48;5;232;38;5;11:cd=48;5;232;38;5;3:or=48;5;232;38;5;9:mi=05;48;5;232;38;5;15:su=48;5;196;38;5;15:sg=48;5;11;38;5;16:ca=48;5;196;38;5;226:tw=48;5;10;38;5;16:ow=48;5;10;38;5;21:st=48;5;21;38;5;15:ex=38;5;34:*.tar=38;5;9:*.tgz=38;5;9:*.arc=38;5;9:*.arj=38;5;9:*.taz=38;5;9:*.lha=38;5;9:*.lz4=38;5;9:*.lzh=38;5;9:*.lzma=38;5;9:*.tlz=38;5;9:*.txz=38;5;9:*.tzo=38;5;9:*.t7z=38;5;9:*.zip=38;5;9:*.z=38;5;9:*.Z=38;5;9:*.dz=38;5;9:*.gz=38;5;9:*.lrz=38;5;9:*.lz=38;5;9:*.lzo=38;5;9:*.xz=38;5;9:*.bz2=38;5;9:*.bz=38;5;9:*.tbz=38;5;9:*.tbz2=38;5;9:*.tz=38;5;9:*.deb=38;5;9:*.rpm=38;5;9:*.jar=38;5;9:*.war=38;5;9:*.ear=38;5;9:*.sar=38;5;9:*.rar=38;5;9:*.alz=38;5;9:*.ace=38;5;9:*.zoo=38;5;9:*.cpio=38;5;9:*.7z=38;5;9:*.rz=38;5;9:*.cab=38;5;9:*.jpg=38;5;13:*.jpeg=38;5;13:*.gif=38;5;13:*.bmp=38;5;13:*.pbm=38;5;13:*.pgm=38;5;13:*.ppm=38;5;13:*.tga=38;5;13:*.xbm=38;5;13:*.xpm=38;5;13:*.tif=38;5;13:*.tiff=38;5;13:*.png=38;5;13:*.svg=38;5;13:*.svgz=38;5;13:*.mng=38;5;13:*.pcx=38;5;13:*.mov=38;5;13:*.mpg=38;5;13:*.mpeg=38;5;13:*.m2v=38;5;13:*.mkv=38;5;13:*.webm=38;5;13:*.ogm=38;5;13:*.mp4=38;5;13:*.m4v=38;5;13:*.mp4v=38;5;13:*.vob=38;5;13:*.qt=38;5;13:*.nuv=38;5;13:*.wmv=38;5;13:*.asf=38;5;13:*.rm=38;5;13:*.rmvb=38;5;13:*.flc=38;5;13:*.avi=38;5;13:*.fli=38;5;13:*.flv=38;5;13:*.gl=38;5;13:*.dl=38;5;13:*.xcf=38;5;13:*.xwd=38;5;13:*.yuv=38;5;13:*.cgm=38;5;13:*.emf=38;5;13:*.axv=38;5;13:*.anx=38;5;13:*.ogv=38;5;13:*.ogx=38;5;13:*.aac=38;5;45:*.au=38;5;45:*.flac=38;5;45:*.mid=38;5;45:*.midi=38;5;45:*.mka=38;5;45:*.mp3=38;5;45:*.mpc=38;5;45:*.ogg=38;5;45:*.ra=38;5;45:*.wav=38;5;45:*.axa=38;5;45:*.oga=38;5;45:*.spx=38;5;45:*.xspf=38;5;45:
MACHTYPE=x86_64
MAIL=/var/spool/mail/M10912039
MANPATH=/usr/cad/synopsys/synthesis/cur/doc/syn/man
OLDPWD=/home/DICS_LAB/M10912039/CIC/CIC_2010_grad
OSTYPE=linux
PATH=/usr/cad/synopsys/synplify/cur/bin:/usr/bin/X11:/usr/cad/synopsys/coreConsultant/cur/bin:/usr/cad/synopsys/synthesis/cur/amd64/syn/bin:/usr/cad/synopsys/lc/cur/bin:/usr/bin/X11:/usr/cad/synopsys/primetime/cur/amd64/syn/bin:/usr/cad/synopsys/identify/cur/bin:/usr/cad/synopsys/icc2/cur/bin:/usr/cad/synopsys/verdi/cur/bin:/usr/cad/synopsys/verdi/cur/nLint/bin:/usr/cad/synopsys/icc/cur/amd64/syn/bin:/usr/cad/synopsys/spyglass/cur/SPYGLASS_HOME/bin:/usr/cad/synopsys/vcs/cur/bin:/usr/cad/synopsys/vcs/cur/linux/bin:/usr/cad/synopsys/vcs/cur/linux/util:/usr/cad/synopsys/vcs/cur/linux/flexlm:/usr/cad/cadence/INCISIV/cur/tools/bin:/usr/cad/cadence/INCISIV/cur/tools/vtools/vfault/bin:/usr/cad/cadence/INCISIV/cur/tools/dfII/bin:/home/DICS_LAB/M10912039/.vscode-server/bin/ea3859d4ba2f3e577a159bc91e3074c5d85c0523/bin:/home/DICS_LAB/M10912039/.vscode-server/bin/ea3859d4ba2f3e577a159bc91e3074c5d85c0523/bin:/usr/local/bin:/usr/bin:/usr/local/sbin:/usr/sbin:/home/DICS_LAB/M10912039/.local/bin:/home/DICS_LAB/M10912039/bin
PIPE_LOGGING=true
PRIMETIME=/usr/cad/synopsys/primetime/cur
PWD=/home/DICS_LAB/M10912039/CIC/CIC_2010_grad/sim
SG_HTML_BROWSER=/usr/bin/mozilla
SHELL=/bin/bash
SHLIB_PATH=/usr/cad/synopsys/verdi/cur/share/PLI/IUS/LINUX
SHLVL=7
SSH_CLIENT=140.125.44.75 64498 22
SSH_CONNECTION=140.125.44.75 64498 140.125.44.63 22
SYNOPSYS=/usr/cad/synopsys/icc/cur
SYNOPSYS_identify=/usr/cad/synopsys/identify/cur
SYNOPSYS_synplify=/usr/cad/synopsys/synplify/cur
SYNTHESIS=/usr/cad/synopsys/synthesis/cur
SYN_MAN_DIR=/usr/cad/synopsys/synthesis/cur/doc/syn/man
TERM=xterm-256color
TERM_PROGRAM=vscode
TERM_PROGRAM_VERSION=1.52.1
USER=M10912039
USES_VSCODE_SERVER_SPAWN=true
VCS_CC=gcc
VCS_HOME=/usr/cad/synopsys/vcs/cur/
VENDOR=unknown
VERBOSE_LOGGING=true
VERDI_HOME=/usr/cad/synopsys/verdi/cur/
VSCODE_GIT_ASKPASS_MAIN=/home/DICS_LAB/M10912039/.vscode-server/bin/ea3859d4ba2f3e577a159bc91e3074c5d85c0523/extensions/git/dist/askpass-main.js
VSCODE_GIT_ASKPASS_NODE=/home/DICS_LAB/M10912039/.vscode-server/bin/ea3859d4ba2f3e577a159bc91e3074c5d85c0523/node
VSCODE_GIT_IPC_HANDLE=/run/user/1001/vscode-git-670b83559c.sock
VSCODE_IPC_HOOK_CLI=/run/user/1001/vscode-ipc-f91726a2-5ab9-4b14-833d-31893f9ca5d1.sock
XDG_DATA_DIRS=/home/DICS_LAB/M10912039/.local/share/flatpak/exports/share:/var/lib/flatpak/exports/share:/usr/local/share:/usr/share
XDG_RUNTIME_DIR=/run/user/1001
XDG_SESSION_ID=2
XLOCALEDIR=/usr/cad/synopsys/icc2/cur/etc/locale
_IRUNROOT_=/usr/cad/cadence/INCISIV/cur/tools
CDS_ARCH=lnx86
NCRUNMODE=irun:./INCA_libs/irun.lnx86.15.20.nc
IRUNBATCH=FALSE
IMPERAS_PORT_FILE=.vsp_ovp_gdb_port
TCL_LIBRARY=/usr/cad/cadence/INCISIV/cur/tools/inca/files/tcl/library
Runtime command line arguments:
argv[0]=irun
argv[1]=testfixture.v
argv[2]=../src/S1.v
argv[3]=../src/S2.v
argv[4]=+define+tb1+FSDB
argv[5]=+access+r
argv[6]=+notimingchecks
90 profile - 100
          CPU/Mem usage: 0.020 sys,  0.030 user,  61.30M sys,  0.00M vm
91 VC callback profile - scalar:0 vector:0
92 Sun Jan 31 20:38:24 2021
93 pliAppInit
94 FSDB_GATE is disabled.
95 Enable Parallel Dumping.
96 pliAppMiscSet: New Sim Round
97 pliEntryInit
98 LIBSSCORE=found /usr/cad/synopsys/verdi/cur/share/PLI/IUS/LINUX/libsscore_ius152.so through $LD_LIBRARY_PATH setting.
99 argv[0]: SI.fsdb
100 FSDB Dumper for IUS, Release Verdi_O-2018.09, Linux, 08/30/2018
101 (C) 1996 - 2018 by Synopsys, Inc.
102 sps_call_fsdbDumpfile at 0 : /home/DICS_LAB/M10912039/CIC/CIC_2010_grad/sim/testfixture.v(102)
103 argv[0]: SI.fsdb
104 *Verdi* : Create FSDB file 'SI.fsdb'
105 sps_call_fsdbDumpvars at 0 : /home/DICS_LAB/M10912039/CIC/CIC_2010_grad/sim/testfixture.v(103)
106 *Verdi* : Begin traversing the scopes, layer (0).
107 Cell instance `testfixture.m1'.
108 *Verdi* : End of traversing.
109 fsdbDumpvars traverse var: profile - 
          CPU/Mem usage: 0.030 sys,  0.050 user,  144.04M sys,  0.00M vm
                   incr: 0.000 sys,  0.010 user,  3.91M sys,  0.00M vm
                   accu: 0.000 sys,  0.010 user,  3.91M sys,  0.00M vm
              accu incr: 0.000 sys,  0.010 user,  3.91M sys,  0.00M vm

          Count usage: 351 var,  205 idcode,  205 callback
                 incr: 351 var,  205 idcode,  205 callback
                 accu: 351 var,  205 idcode,  205 callback
            accu incr: 351 var,  205 idcode,  205 callback
110 VC callback profile - scalar:0 vector:0
111 Sun Jan 31 20:38:25 2021
112 fsdbDumpvars: profile - 
          CPU/Mem usage: 0.030 sys,  0.050 user,  145.10M sys,  0.00M vm
                   incr: 0.000 sys,  0.000 user,  1.05M sys,  0.00M vm
                   accu: 0.000 sys,  0.010 user,  4.96M sys,  0.00M vm
              accu incr: 0.000 sys,  0.000 user,  1.05M sys,  0.00M vm

          Count usage: 351 var,  205 idcode,  205 callback
                 incr: 0 var,  0 idcode,  0 callback
                 accu: 351 var,  205 idcode,  205 callback
            accu incr: 0 var,  0 idcode,  0 callback
113 VC callback profile - scalar:155 vector:50
114 Sun Jan 31 20:38:25 2021
115 sps_call_fsdbDumpMDA at 0 : /home/DICS_LAB/M10912039/CIC/CIC_2010_grad/sim/testfixture.v(104)
116 *Verdi* : Begin traversing the MDAs, layer (0).
117 *Verdi* : Enable +mda and +packedmda dumping.
118 Cell instance `testfixture.m1'.
119 *Verdi* : End of traversing the MDAs.
120 fsdbDumpMDA traverse var: profile - 
          CPU/Mem usage: 0.030 sys,  0.050 user,  145.10M sys,  0.00M vm
                   incr: 0.000 sys,  0.000 user,  0.00M sys,  0.00M vm
                   accu: 0.000 sys,  0.000 user,  0.00M sys,  0.00M vm
              accu incr: 0.000 sys,  0.000 user,  0.00M sys,  0.00M vm

          Count usage: 421 var,  275 idcode,  275 callback
                 incr: 70 var,  70 idcode,  70 callback
                 accu: 70 var,  70 idcode,  70 callback
            accu incr: 70 var,  70 idcode,  70 callback
121 VC callback profile - scalar:155 vector:50
122 Sun Jan 31 20:38:25 2021
123 fsdbDumpMDA: profile - 
          CPU/Mem usage: 0.030 sys,  0.050 user,  145.10M sys,  0.00M vm
                   incr: 0.000 sys,  0.000 user,  0.00M sys,  0.00M vm
                   accu: 0.000 sys,  0.000 user,  0.00M sys,  0.00M vm
              accu incr: 0.000 sys,  0.000 user,  0.00M sys,  0.00M vm

          Count usage: 421 var,  275 idcode,  275 callback
                 incr: 0 var,  0 idcode,  0 callback
                 accu: 70 var,  70 idcode,  70 callback
            accu incr: 0 var,  0 idcode,  0 callback
124 VC callback profile - scalar:155 vector:120
125 Sun Jan 31 20:38:25 2021
126 End of simulation at 30000000
127 VC callback profile - scalar:3636 vector:1140
128 Sun Jan 31 20:38:25 2021
129 Begin FSDB profile info:
130 FSDB Writer : bc1(3636) bcn(1140) mtf/stf(0/0)
FSDB Writer elapsed time : flush(0.126341) io wait(0.000000) theadpool wait(0.000000) target functin(0.000000)
FSDB Writer cpu time : MT Compression : 0
131 End FSDB profile info
132 Parallel profile    -  Flush:4 Expand:0 ProduceWait:0 ConsumerWait:0 BlockUsed:0
133                        ProduceTime:0.096329311 ConsumerTime:0.000000000 Buffer:64MB
134 SimExit
135 Sim process exit
