version: (200506)

available memory: 64M bytes
used memory: 237568 bytes [need 232K bytes if disable swap]

used block: 8 [memory(8) file(0)]
                 [ 8K(5) 64K(3) { total 232K bytes } ]
overhead: (9522) bytes for (8) blocks [Average: (1190) bytes/block]

write  => 0(times) 0K(bytes) [0K bytes to file]
read   => 3(times) 40K(bytes) [8K bytes compressed data from file]
access => 378060(times) 2965M(bytes)
          [hit ratio: 99.9992%]

time: write(0) read(0)  unit: second

swap file directory: (/home/DICS_LAB/M10912039/CIC/CIC_2010_grad/sim/verdiLog)
used swap file number: (4)



swap file manager:
arrSize: (256)
idxCnt: (5)
closeHead: (1)
closeTail: (4)
openCnt: (1)
fid(4): fd(0) fileName(NULL)
	mode(rb)	hot(3) cool(0) pos(0)
fid(3): fd(0) fileName(NULL)
	mode(rb)	hot(1) cool(4) pos(0)
fid(2): fd(49) fileName(/home/DICS_LAB/M10912039/CIC/CIC_2010_grad/sim/verdiLog/_swap_0001#2106343212#28197)
	size(0) lastModTime(0) curModTime(1611818904)
	mode(w+b)	hot(3) cool(1) pos(0)
fid(1): fd(0) fileName(NULL)
	mode(rb)	hot(2) cool(3) pos(0)
fid(0): fd(0) fileName(NULL)
	mode(NULL)	hot(0) cool(0) pos(0)
Swap system is reset at (Sun Jan 31 19:08:26 2021
)
version: (200506)

available memory: 64M bytes
used memory: 450560 bytes [need 232K bytes if disable swap]

used block: 20 [memory(20) file(0)]
                 [ 8K(15) 64K(5) { total 440K bytes } ]
overhead: (9522) bytes for (20) blocks [Average: (476) bytes/block]

write  => 0(times) 0K(bytes) [0K bytes to file]
read   => 5(times) 79K(bytes) [16K bytes compressed data from file]
access => 721723(times) 5675M(bytes)
          [hit ratio: 99.9993%]

time: write(0) read(0)  unit: second

swap file directory: (/home/DICS_LAB/M10912039/CIC/CIC_2010_grad/sim/verdiLog)
used swap file number: (7)



swap file manager:
arrSize: (256)
idxCnt: (8)
closeHead: (5)
closeTail: (7)
openCnt: (1)
fid(7): fd(0) fileName(NULL)
	mode(rb)	hot(5) cool(0) pos(0)
fid(6): fd(86) fileName(/home/DICS_LAB/M10912039/CIC/CIC_2010_grad/sim/verdiLog/_swap_0001#2106343212#28197)
	size(0) lastModTime(0) curModTime(1612091321)
	mode(w+b)	hot(7) cool(5) pos(0)
fid(5): fd(0) fileName(NULL)
	mode(rb)	hot(6) cool(7) pos(0)
fid(4): fd(0) fileName(NULL)
	mode(NULL)	hot(0) cool(0) pos(0)
fid(3): fd(0) fileName(NULL)
	mode(NULL)	hot(0) cool(0) pos(0)
fid(2): fd(0) fileName(NULL)
	mode(NULL)	hot(0) cool(0) pos(0)
fid(1): fd(0) fileName(NULL)
	mode(NULL)	hot(0) cool(0) pos(0)
fid(0): fd(0) fileName(NULL)
	mode(NULL)	hot(0) cool(0) pos(0)
Swap system is reset at (Sun Jan 31 19:12:48 2021
)
version: (200506)

available memory: 64M bytes
used memory: 532480 bytes [need 232K bytes if disable swap]

used block: 23 [memory(23) file(0)]
                 [ 8K(17) 64K(6) { total 520K bytes } ]
overhead: (9522) bytes for (23) blocks [Average: (414) bytes/block]

write  => 0(times) 0K(bytes) [0K bytes to file]
read   => 6(times) 108K(bytes) [22K bytes compressed data from file]
access => 734836(times) 5781M(bytes)
          [hit ratio: 99.9992%]

time: write(0) read(0)  unit: second

swap file directory: (/home/DICS_LAB/M10912039/CIC/CIC_2010_grad/sim/verdiLog)
used swap file number: (8)



swap file manager:
arrSize: (256)
idxCnt: (10)
closeHead: (8)
closeTail: (9)
openCnt: (1)
fid(9): fd(78) fileName(/home/DICS_LAB/M10912039/CIC/CIC_2010_grad/sim/verdiLog/_swap_0001#2106343212#28197)
	size(0) lastModTime(0) curModTime(1612091568)
	mode(w+b)	hot(0) cool(8) pos(0)
fid(8): fd(0) fileName(NULL)
	mode(rb)	hot(9) cool(0) pos(0)
fid(7): fd(0) fileName(NULL)
	mode(NULL)	hot(0) cool(0) pos(0)
fid(6): fd(0) fileName(NULL)
	mode(NULL)	hot(0) cool(0) pos(0)
fid(5): fd(0) fileName(NULL)
	mode(NULL)	hot(0) cool(0) pos(0)
fid(4): fd(0) fileName(NULL)
	mode(NULL)	hot(0) cool(0) pos(0)
fid(3): fd(0) fileName(NULL)
	mode(NULL)	hot(0) cool(0) pos(0)
fid(2): fd(0) fileName(NULL)
	mode(NULL)	hot(0) cool(0) pos(0)
fid(1): fd(0) fileName(NULL)
	mode(NULL)	hot(0) cool(0) pos(0)
fid(0): fd(0) fileName(NULL)
	mode(NULL)	hot(0) cool(0) pos(0)
Swap system is reset at (Sun Jan 31 19:13:56 2021
)
version: (200506)

available memory: 64M bytes
used memory: 688128 bytes [need 232K bytes if disable swap]

used block: 28 [memory(28) file(0)]
                 [ 8K(20) 64K(8) { total 672K bytes } ]
overhead: (9522) bytes for (28) blocks [Average: (340) bytes/block]

write  => 0(times) 0K(bytes) [0K bytes to file]
read   => 8(times) 147K(bytes) [30K bytes compressed data from file]
access => 772949(times) 6085M(bytes)
          [hit ratio: 99.999%]

time: write(0) read(0)  unit: second

swap file directory: (/home/DICS_LAB/M10912039/CIC/CIC_2010_grad/sim/verdiLog)
used swap file number: (12)



swap file manager:
arrSize: (256)
idxCnt: (13)
closeHead: (10)
closeTail: (12)
openCnt: (3)
fid(12): fd(1073741825) fileName(/home/DICS_LAB/M10912039/CIC/CIC_2010_grad/sim/simv.daidir/kdb.elab++/work.lib++/S1.v.tdc)
	size(4018) lastModTime(1612091619) curModTime(1612091619)
	mode(rb)	hot(0) cool(11) pos(0)
fid(11): fd(81) fileName(/home/DICS_LAB/M10912039/CIC/CIC_2010_grad/sim/verdiLog/_swap_0001#2106343212#28197)
	size(0) lastModTime(0) curModTime(1612091637)
	mode(w+b)	hot(12) cool(10) pos(0)
fid(10): fd(1073741824) fileName(/home/DICS_LAB/M10912039/CIC/CIC_2010_grad/sim/simv.daidir/kdb.elab++/work.lib++/testfixture.v.tdc)
	size(10634) lastModTime(1612091619) curModTime(1612091619)
	mode(rb)	hot(11) cool(0) pos(0)
fid(9): fd(0) fileName(NULL)
	mode(NULL)	hot(0) cool(0) pos(0)
fid(8): fd(0) fileName(NULL)
	mode(NULL)	hot(0) cool(0) pos(0)
fid(7): fd(0) fileName(NULL)
	mode(NULL)	hot(0) cool(0) pos(0)
fid(6): fd(0) fileName(NULL)
	mode(NULL)	hot(0) cool(0) pos(0)
fid(5): fd(0) fileName(NULL)
	mode(NULL)	hot(0) cool(0) pos(0)
fid(4): fd(0) fileName(NULL)
	mode(NULL)	hot(0) cool(0) pos(0)
fid(3): fd(0) fileName(NULL)
	mode(NULL)	hot(0) cool(0) pos(0)
fid(2): fd(0) fileName(NULL)
	mode(NULL)	hot(0) cool(0) pos(0)
fid(1): fd(0) fileName(NULL)
	mode(NULL)	hot(0) cool(0) pos(0)
fid(0): fd(0) fileName(NULL)
	mode(NULL)	hot(0) cool(0) pos(0)
==================================================
mySelf(1f2f2270) pre(152477c0) next(0)
version(200506)
date(Aug 15 2018 23:11:58)
