 
****************************************
Report : area
Design : S1
Version: P-2019.03
Date   : Tue Feb  2 16:56:51 2021
****************************************

Library(s) Used:

    slow (File: /usr/cad/CBDK_IC_Contest_v2.1/SynopsysDC/db/slow.db)

Number of ports:                           28
Number of nets:                          1260
Number of cells:                         1134
Number of combinational cells:            762
Number of sequential cells:               187
Number of macros/black boxes:               0
Number of buf/inv:                        236
Number of references:                      84

Combinational area:               6538.384860
Buf/Inv area:                     1568.397583
Noncombinational area:            7050.999619
Macro/Black Box area:                0.000000
Net Interconnect area:          126933.985260

Total cell area:                 13589.384478
Total area:                     140523.369738
1
